0 info it worked if it ends with ok
1 verbose cli [ 'D:\\Program Files\\nodejs\\\\node.exe',
1 verbose cli   'D:\\Program Files\\nodejs\\node_modules\\npm\\bin\\npm-cli.js',
1 verbose cli   'run-script',
1 verbose cli   'divshot' ]
2 info using npm@1.4.28
3 info using node@v0.10.35
4 verbose node symlink D:\Program Files\nodejs\\node.exe
5 verbose run-script [ 'predivshot', 'divshot', 'postdivshot' ]
6 info predivshot exercise-3@0.1.0
7 info divshot exercise-3@0.1.0
8 verbose unsafe-perm in lifecycle true
9 info exercise-3@0.1.0 Failed to exec divshot script
10 error exercise-3@0.1.0 divshot: `divshot login && node_modules/.bin/divshot config:add name "br-frontend-testing-$USERNAME" && echo '' && echo 'Your divshot auth token is:' && node_modules/.bin/divshot auth:token`
10 error Exit status 1
11 error Failed at the exercise-3@0.1.0 divshot script.
11 error This is most likely a problem with the exercise-3 package,
11 error not with npm itself.
11 error Tell the author that this fails on your system:
11 error     divshot login && node_modules/.bin/divshot config:add name "br-frontend-testing-$USERNAME" && echo '' && echo 'Your divshot auth token is:' && node_modules/.bin/divshot auth:token
11 error You can get their info via:
11 error     npm owner ls exercise-3
11 error There is likely additional logging output above.
12 error System Windows_NT 6.2.9200
13 error command "D:\\Program Files\\nodejs\\\\node.exe" "D:\\Program Files\\nodejs\\node_modules\\npm\\bin\\npm-cli.js" "run-script" "divshot"
14 error cwd d:\br
15 error node -v v0.10.35
16 error npm -v 1.4.28
17 error code ELIFECYCLE
18 verbose exit [ 1, true ]
